Using pre-set license
Built from '2020.3/staging' branch; Version is '2020.3.11f1 (99c7afb366b3) revision 10078127'; Using compiler version '192528614'; Build Type 'Release'
OS: 'Windows 10 Home; OS build 19042.1052; Version 2009; 64bit' Language: 'en' Physical Memory: 16310 MB
BatchMode: 1, IsHumanControllingUs: 0, StartBugReporterOnCrash: 0, Is64bit: 1, IsPro: 0

 COMMAND LINE ARGUMENTS:
D:\Programs\2020.3.11f1\Editor\Unity.exe
-adb2
-batchMode
-noUpm
-name
AssetImportWorker0
-projectPath
C:/Users/thaij/OneDrive/Documents/GitHub/GMTKGameJam
-logFile
Logs/AssetImportWorker0.log
-srvPort
59684
Successfully changed project path to: C:/Users/thaij/OneDrive/Documents/GitHub/GMTKGameJam
C:/Users/thaij/OneDrive/Documents/GitHub/GMTKGameJam
Using Asset Import Pipeline V2.
Refreshing native plugins compatible for Editor in 27.33 ms, found 2 plugins.
Preloading 0 native plugins for Editor in 0.00 ms.
Initialize engine version: 2020.3.11f1 (99c7afb366b3)
[Subsystems] Discovering subsystems at path D:/Programs/2020.3.11f1/Editor/Data/Resources/UnitySubsystems
[Subsystems] Discovering subsystems at path C:/Users/thaij/OneDrive/Documents/GitHub/GMTKGameJam/Assets
GfxDevice: creating device client; threaded=0
Direct3D:
    Version:  Direct3D 11.0 [level 11.1]
    Renderer: NVIDIA GeForce GTX 1650 (ID=0x1f82)
    Vendor:   
    VRAM:     3962 MB
    Driver:   27.21.14.6663
Initialize mono
Mono path[0] = 'D:/Programs/2020.3.11f1/Editor/Data/Managed'
Mono path[1] = 'D:/Programs/2020.3.11f1/Editor/Data/MonoBleedingEdge/lib/mono/unityjit'
Mono config path = 'D:/Programs/2020.3.11f1/Editor/Data/MonoBleedingEdge/etc'
Using monoOptions --debugger-agent=transport=dt_socket,embedding=1,server=y,suspend=n,address=127.0.0.1:56160
Begin MonoManager ReloadAssembly
Registering precompiled unity dll's ...
Register platform support module: D:/Programs/2020.3.11f1/Editor/Data/PlaybackEngines/WindowsStandaloneSupport/UnityEditor.WindowsStandalone.Extensions.dll
Registered in 0.000908 seconds.
Native extension for WindowsStandalone target not found
Refreshing native plugins compatible for Editor in 25.82 ms, found 2 plugins.
Preloading 0 native plugins for Editor in 0.00 ms.
Mono: successfully reloaded assembly
- Completed reload, in  0.726 seconds
Platform modules already initialized, skipping
Registering precompiled user dll's ...
Registered in 0.003155 seconds.
Begin MonoManager ReloadAssembly
Native extension for WindowsStandalone target not found
Refreshing native plugins compatible for Editor in 0.39 ms, found 2 plugins.
Preloading 0 native plugins for Editor in 0.00 ms.
Mono: successfully reloaded assembly
- Completed reload, in  0.857 seconds
Platform modules already initialized, skipping
========================================================================
Worker process is ready to serve import requests
Launched and connected shader compiler UnityShaderCompiler.exe after 0.08 seconds
Refreshing native plugins compatible for Editor in 0.61 ms, found 2 plugins.
Preloading 0 native plugins for Editor in 0.00 ms.
Unloading 1390 Unused Serialized files (Serialized files now loaded: 0)
System memory in use before: 64.5 MB.
System memory in use after: 64.6 MB.

Unloading 18 unused Assets to reduce memory usage. Loaded Objects now: 1822.
Total: 1.893600 ms (FindLiveObjects: 0.205900 ms CreateObjectMapping: 0.031700 ms MarkObjects: 1.593100 ms  DeleteObjects: 0.061700 ms)

========================================================================
Received Import Request.
  path: Assets/Prefabs/Bullet.prefab
  artifactKey: Guid(d31acc07d4494224aba450cb5266644b) Importer(815301076,1909f56bfc062723c751e8b465ee728b)
Start importing Assets/Prefabs/Bullet.prefab using Guid(d31acc07d4494224aba450cb5266644b) Importer(815301076,1909f56bfc062723c751e8b465ee728b)  -> (artifact id: '6e7d298521e60ac6d2ed3215ccd406f1') in 0.117864 seconds
  Import took 0.120743 seconds .

========================================================================
Received Import Request.
  Time since last request: 0.000202 seconds.
  path: Assets/Images/donald.jpg
  artifactKey: Guid(e7251322e65ec0746952bea07f7975fc) Importer(815301076,1909f56bfc062723c751e8b465ee728b)
Start importing Assets/Images/donald.jpg using Guid(e7251322e65ec0746952bea07f7975fc) Importer(815301076,1909f56bfc062723c751e8b465ee728b)  -> (artifact id: '2fe4e315e5a68298687a564dcfa63057') in 0.045554 seconds
  Import took 0.047533 seconds .

========================================================================
Received Import Request.
  Time since last request: 272.902533 seconds.
  path: Assets/Scripts/Word.cs
  artifactKey: Guid(15a02f453dcee634d9436fbc0f90e324) Importer(815301076,1909f56bfc062723c751e8b465ee728b)
Start importing Assets/Scripts/Word.cs using Guid(15a02f453dcee634d9436fbc0f90e324) Importer(815301076,1909f56bfc062723c751e8b465ee728b)  -> (artifact id: '63e4dcd1ebc2fa3b818fa24ea8c9032c') in 0.010080 seconds
  Import took 0.012861 seconds .

========================================================================
Received Import Request.
  Time since last request: 0.007639 seconds.
  path: Assets/Scripts/Word.cs
  artifactKey: Guid(15a02f453dcee634d9436fbc0f90e324) Importer(815301076,1909f56bfc062723c751e8b465ee728b)
Start importing Assets/Scripts/Word.cs using Guid(15a02f453dcee634d9436fbc0f90e324) Importer(815301076,1909f56bfc062723c751e8b465ee728b)  -> (artifact id: '63e4dcd1ebc2fa3b818fa24ea8c9032c') in 0.002121 seconds
  Import took 0.004491 seconds .

========================================================================
Received Import Request.
  Time since last request: 3.315203 seconds.
  path: Assets/Scripts/WordDisplay.cs
  artifactKey: Guid(60b92c92edc2d314ca4fa74db3f9f765) Importer(815301076,1909f56bfc062723c751e8b465ee728b)
Start importing Assets/Scripts/WordDisplay.cs using Guid(60b92c92edc2d314ca4fa74db3f9f765) Importer(815301076,1909f56bfc062723c751e8b465ee728b)  -> (artifact id: '2e84e21a12f7d17e6be625db2c1ef848') in 0.007283 seconds
  Import took 0.009680 seconds .

========================================================================
Received Import Request.
  Time since last request: 0.000448 seconds.
  path: Assets/Scripts/WordDisplay.cs
  artifactKey: Guid(60b92c92edc2d314ca4fa74db3f9f765) Importer(815301076,1909f56bfc062723c751e8b465ee728b)
Start importing Assets/Scripts/WordDisplay.cs using Guid(60b92c92edc2d314ca4fa74db3f9f765) Importer(815301076,1909f56bfc062723c751e8b465ee728b)  -> (artifact id: '2e84e21a12f7d17e6be625db2c1ef848') in 0.002308 seconds
  Import took 0.004343 seconds .

========================================================================
Received Import Request.
  Time since last request: 2.800898 seconds.
  path: Assets/Scripts/WordGenerator.cs
  artifactKey: Guid(41737ab6b893fa842a63d61b901c8417) Importer(815301076,1909f56bfc062723c751e8b465ee728b)
Start importing Assets/Scripts/WordGenerator.cs using Guid(41737ab6b893fa842a63d61b901c8417) Importer(815301076,1909f56bfc062723c751e8b465ee728b)  -> (artifact id: '0112e0771176dd08800599fe2d42c999') in 0.006450 seconds
  Import took 0.008826 seconds .

========================================================================
Received Import Request.
  Time since last request: 2.310166 seconds.
  path: Assets/Scripts/WordInput.cs
  artifactKey: Guid(90cd7c90c9d3ec041b937c14263b72ae) Importer(815301076,1909f56bfc062723c751e8b465ee728b)
Start importing Assets/Scripts/WordInput.cs using Guid(90cd7c90c9d3ec041b937c14263b72ae) Importer(815301076,1909f56bfc062723c751e8b465ee728b)  -> (artifact id: '0ab47f591f3ce83555ef59be2ea086ce') in 0.006887 seconds
  Import took 0.009693 seconds .

========================================================================
Received Import Request.
  Time since last request: 2.085756 seconds.
  path: Assets/Scripts/WordManager.cs
  artifactKey: Guid(6625e41ccb00dc743b306f05d6738791) Importer(815301076,1909f56bfc062723c751e8b465ee728b)
Start importing Assets/Scripts/WordManager.cs using Guid(6625e41ccb00dc743b306f05d6738791) Importer(815301076,1909f56bfc062723c751e8b465ee728b)  -> (artifact id: 'bee26f5838d341c8158a42b287117768') in 0.006473 seconds
  Import took 0.008799 seconds .

========================================================================
Received Import Request.
  Time since last request: 0.000276 seconds.
  path: Assets/Scripts/WordManager.cs
  artifactKey: Guid(6625e41ccb00dc743b306f05d6738791) Importer(815301076,1909f56bfc062723c751e8b465ee728b)
Start importing Assets/Scripts/WordManager.cs using Guid(6625e41ccb00dc743b306f05d6738791) Importer(815301076,1909f56bfc062723c751e8b465ee728b)  -> (artifact id: 'bee26f5838d341c8158a42b287117768') in 0.001991 seconds
  Import took 0.004158 seconds .

========================================================================
Received Prepare
Registering precompiled user dll's ...
Registered in 0.002978 seconds.
Begin MonoManager ReloadAssembly
Native extension for WindowsStandalone target not found
Refreshing native plugins compatible for Editor in 0.42 ms, found 2 plugins.
Preloading 0 native plugins for Editor in 0.00 ms.
Mono: successfully reloaded assembly
- Completed reload, in  0.847 seconds
Platform modules already initialized, skipping
Refreshing native plugins compatible for Editor in 0.43 ms, found 2 plugins.
Preloading 0 native plugins for Editor in 0.00 ms.
Unloading 1384 Unused Serialized files (Serialized files now loaded: 0)
System memory in use before: 67.5 MB.
System memory in use after: 67.6 MB.

Unloading 15 unused Assets to reduce memory usage. Loaded Objects now: 1834.
Total: 1.907400 ms (FindLiveObjects: 0.187300 ms CreateObjectMapping: 0.032500 ms MarkObjects: 1.609900 ms  DeleteObjects: 0.076000 ms)

========================================================================
Received Prepare
Registering precompiled user dll's ...
Registered in 0.002862 seconds.
Begin MonoManager ReloadAssembly
Native extension for WindowsStandalone target not found
Refreshing native plugins compatible for Editor in 0.38 ms, found 2 plugins.
Preloading 0 native plugins for Editor in 0.00 ms.
Mono: successfully reloaded assembly
- Completed reload, in  0.787 seconds
Platform modules already initialized, skipping
Refreshing native plugins compatible for Editor in 0.35 ms, found 2 plugins.
Preloading 0 native plugins for Editor in 0.00 ms.
Unloading 1385 Unused Serialized files (Serialized files now loaded: 0)
System memory in use before: 67.6 MB.
System memory in use after: 67.7 MB.

Unloading 13 unused Assets to reduce memory usage. Loaded Objects now: 1838.
Total: 1.884400 ms (FindLiveObjects: 0.177100 ms CreateObjectMapping: 0.031000 ms MarkObjects: 1.656800 ms  DeleteObjects: 0.018000 ms)

========================================================================
Received Import Request.
  Time since last request: 74.545068 seconds.
  path: Assets
  artifactKey: Guid(00000000000000001000000000000000) Importer(815301076,1909f56bfc062723c751e8b465ee728b)
Start importing Assets using Guid(00000000000000001000000000000000) Importer(815301076,1909f56bfc062723c751e8b465ee728b)  -> (artifact id: '42d402b061de3733987d63b9cc3b64de') in 0.008633 seconds
  Import took 0.011125 seconds .

========================================================================
Received Import Request.
  Time since last request: 0.000551 seconds.
  path: Assets
  artifactKey: Guid(00000000000000001000000000000000) Importer(815301076,1909f56bfc062723c751e8b465ee728b)
Start importing Assets using Guid(00000000000000001000000000000000) Importer(815301076,1909f56bfc062723c751e8b465ee728b)  -> (artifact id: '42d402b061de3733987d63b9cc3b64de') in 0.002254 seconds
  Import took 0.004626 seconds .

========================================================================
Received Import Request.
  Time since last request: 0.084909 seconds.
  path: Assets/WordManager.cs
  artifactKey: Guid(9fb8934039a706d40b202cb4ab93459c) Importer(815301076,1909f56bfc062723c751e8b465ee728b)
Start importing Assets/WordManager.cs using Guid(9fb8934039a706d40b202cb4ab93459c) Importer(815301076,1909f56bfc062723c751e8b465ee728b)  -> (artifact id: 'caec1b7e2ec2a7d306526f9f9a8bfeea') in 0.002102 seconds
  Import took 0.004484 seconds .

========================================================================
Received Import Request.
  Time since last request: 0.000284 seconds.
  path: Assets/WordManager.cs
  artifactKey: Guid(9fb8934039a706d40b202cb4ab93459c) Importer(815301076,1909f56bfc062723c751e8b465ee728b)
Start importing Assets/WordManager.cs using Guid(9fb8934039a706d40b202cb4ab93459c) Importer(815301076,1909f56bfc062723c751e8b465ee728b)  -> (artifact id: 'caec1b7e2ec2a7d306526f9f9a8bfeea') in 0.001995 seconds
  Import took 0.003792 seconds .

========================================================================
Received Import Request.
  Time since last request: 9.775948 seconds.
  path: Assets/Word.cs
  artifactKey: Guid(394fedbcef309344aac7856a2a0c7a11) Importer(815301076,1909f56bfc062723c751e8b465ee728b)
Start importing Assets/Word.cs using Guid(394fedbcef309344aac7856a2a0c7a11) Importer(815301076,1909f56bfc062723c751e8b465ee728b)  -> (artifact id: 'd18a3d4e662c5d05d29ae6badeb5c0ed') in 0.002282 seconds
  Import took 0.005073 seconds .

========================================================================
Received Import Request.
  Time since last request: 321.624065 seconds.
  path: Assets/WordDisplay.cs
  artifactKey: Guid(916c4f7c3b048204a9021ee1ce7ead7a) Importer(815301076,1909f56bfc062723c751e8b465ee728b)
Start importing Assets/WordDisplay.cs using Guid(916c4f7c3b048204a9021ee1ce7ead7a) Importer(815301076,1909f56bfc062723c751e8b465ee728b)  -> (artifact id: '45e5d4e7d38558512cdb5f92f85aa443') in 0.003389 seconds
  Import took 0.006001 seconds .

========================================================================
Received Import Request.
  Time since last request: 18.964272 seconds.
  path: Assets/WordGenerator.cs
  artifactKey: Guid(6e473932dfd52494f863177cc720a234) Importer(815301076,1909f56bfc062723c751e8b465ee728b)
Start importing Assets/WordGenerator.cs using Guid(6e473932dfd52494f863177cc720a234) Importer(815301076,1909f56bfc062723c751e8b465ee728b)  -> (artifact id: '4ea5f86f8757427b4aa9d48a4c514799') in 0.006628 seconds
  Import took 0.009269 seconds .

========================================================================
Received Import Request.
  Time since last request: 0.001064 seconds.
  path: Assets/WordGenerator.cs
  artifactKey: Guid(6e473932dfd52494f863177cc720a234) Importer(815301076,1909f56bfc062723c751e8b465ee728b)
Start importing Assets/WordGenerator.cs using Guid(6e473932dfd52494f863177cc720a234) Importer(815301076,1909f56bfc062723c751e8b465ee728b)  -> (artifact id: '4ea5f86f8757427b4aa9d48a4c514799') in 0.002681 seconds
  Import took 0.005367 seconds .

========================================================================
Received Import Request.
  Time since last request: 12.208563 seconds.
  path: Assets/WordGenerator.cs
  artifactKey: Guid(6e473932dfd52494f863177cc720a234) Importer(815301076,1909f56bfc062723c751e8b465ee728b)
Start importing Assets/WordGenerator.cs using Guid(6e473932dfd52494f863177cc720a234) Importer(815301076,1909f56bfc062723c751e8b465ee728b)  -> (artifact id: '87e7be3a41312c15012006f3ce78a559') in 0.002910 seconds
  Import took 0.006212 seconds .

========================================================================
Received Import Request.
  Time since last request: 295.781453 seconds.
  path: Assets/d.unity
  artifactKey: Guid(3fe282543ba5a0b46810b522934420de) Importer(815301076,1909f56bfc062723c751e8b465ee728b)
Start importing Assets/d.unity using Guid(3fe282543ba5a0b46810b522934420de) Importer(815301076,1909f56bfc062723c751e8b465ee728b)  -> (artifact id: 'c4b67f6630b954a429752863f5119021') in 0.012548 seconds
  Import took 0.015237 seconds .

