Using pre-set license
Built from '2020.3/staging' branch; Version is '2020.3.11f1 (99c7afb366b3) revision 10078127'; Using compiler version '192528614'; Build Type 'Release'
OS: 'Windows 10 Pro; OS build 19042.1052; Version 2009; 64bit' Language: 'en' Physical Memory: 16333 MB
BatchMode: 1, IsHumanControllingUs: 0, StartBugReporterOnCrash: 0, Is64bit: 1, IsPro: 0

 COMMAND LINE ARGUMENTS:
C:\Program Files\Unity\Hub\Editor\2020.3.11f1\Editor\Unity.exe
-adb2
-batchMode
-noUpm
-name
AssetImportWorker0
-projectPath
D:/Repos/Unity2D/GMTKJam
-logFile
Logs/AssetImportWorker0.log
-srvPort
56782
Successfully changed project path to: D:/Repos/Unity2D/GMTKJam
D:/Repos/Unity2D/GMTKJam
Using Asset Import Pipeline V2.
Refreshing native plugins compatible for Editor in 45.68 ms, found 3 plugins.
Preloading 0 native plugins for Editor in 0.00 ms.
Initialize engine version: 2020.3.11f1 (99c7afb366b3)
[Subsystems] Discovering subsystems at path C:/Program Files/Unity/Hub/Editor/2020.3.11f1/Editor/Data/Resources/UnitySubsystems
[Subsystems] Discovering subsystems at path D:/Repos/Unity2D/GMTKJam/Assets
GfxDevice: creating device client; threaded=0
Direct3D:
    Version:  Direct3D 11.0 [level 11.1]
    Renderer: NVIDIA GeForce RTX 2070 SUPER (ID=0x1e84)
    Vendor:   
    VRAM:     8011 MB
    Driver:   27.21.14.6663
Initialize mono
Mono path[0] = 'C:/Program Files/Unity/Hub/Editor/2020.3.11f1/Editor/Data/Managed'
Mono path[1] = 'C:/Program Files/Unity/Hub/Editor/2020.3.11f1/Editor/Data/MonoBleedingEdge/lib/mono/unityjit'
Mono config path = 'C:/Program Files/Unity/Hub/Editor/2020.3.11f1/Editor/Data/MonoBleedingEdge/etc'
Using monoOptions --debugger-agent=transport=dt_socket,embedding=1,server=y,suspend=n,address=127.0.0.1:56256
Begin MonoManager ReloadAssembly
Registering precompiled unity dll's ...
Register platform support module: C:/Program Files/Unity/Hub/Editor/2020.3.11f1/Editor/Data/PlaybackEngines/WebGLSupport/UnityEditor.WebGL.Extensions.dll
Register platform support module: C:/Program Files/Unity/Hub/Editor/2020.3.11f1/Editor/Data/PlaybackEngines/WindowsStandaloneSupport/UnityEditor.WindowsStandalone.Extensions.dll
Registered in 0.003391 seconds.
Native extension for WindowsStandalone target not found
Native extension for WebGL target not found
Refreshing native plugins compatible for Editor in 45.26 ms, found 3 plugins.
Preloading 0 native plugins for Editor in 0.00 ms.
Mono: successfully reloaded assembly
- Completed reload, in  1.311 seconds
Platform modules already initialized, skipping
Registering precompiled user dll's ...
Registered in 0.003251 seconds.
Begin MonoManager ReloadAssembly
Native extension for WindowsStandalone target not found
Native extension for WebGL target not found
Refreshing native plugins compatible for Editor in 44.47 ms, found 3 plugins.
Preloading 0 native plugins for Editor in 0.00 ms.
Mono: successfully reloaded assembly
- Completed reload, in  1.279 seconds
Platform modules already initialized, skipping
========================================================================
Worker process is ready to serve import requests
Launched and connected shader compiler UnityShaderCompiler.exe after 0.07 seconds
Refreshing native plugins compatible for Editor in 0.49 ms, found 3 plugins.
Preloading 0 native plugins for Editor in 0.00 ms.
Unloading 2080 Unused Serialized files (Serialized files now loaded: 0)
System memory in use before: 92.8 MB.
System memory in use after: 92.8 MB.

Unloading 33 unused Assets to reduce memory usage. Loaded Objects now: 2513.
Total: 2.493400 ms (FindLiveObjects: 0.234900 ms CreateObjectMapping: 0.050200 ms MarkObjects: 2.065500 ms  DeleteObjects: 0.141300 ms)

========================================================================
Received Import Request.
  path: Assets/New Folder
  artifactKey: Guid(3720b32f867db3e43af5e8965965b034) Importer(815301076,1909f56bfc062723c751e8b465ee728b)
Start importing Assets/New Folder using Guid(3720b32f867db3e43af5e8965965b034) Importer(815301076,1909f56bfc062723c751e8b465ee728b)  -> (artifact id: '2fbe8a197f04f66be9c520a7dbdcd21b') in 0.009982 seconds
  Import took 0.013144 seconds .

========================================================================
Received Import Request.
  Time since last request: 1.696391 seconds.
  path: Assets/Images
  artifactKey: Guid(3720b32f867db3e43af5e8965965b034) Importer(815301076,1909f56bfc062723c751e8b465ee728b)
Start importing Assets/Images using Guid(3720b32f867db3e43af5e8965965b034) Importer(815301076,1909f56bfc062723c751e8b465ee728b)  -> (artifact id: 'b0d0720fc4f53e9053c3012f1065567d') in 0.007783 seconds
  Import took 0.011083 seconds .

========================================================================
Received Import Request.
  Time since last request: 0.656342 seconds.
  path: Assets
  artifactKey: Guid(00000000000000001000000000000000) Importer(815301076,1909f56bfc062723c751e8b465ee728b)
Start importing Assets using Guid(00000000000000001000000000000000) Importer(815301076,1909f56bfc062723c751e8b465ee728b)  -> (artifact id: '42d402b061de3733987d63b9cc3b64de') in 0.006445 seconds
  Import took 0.009758 seconds .

========================================================================
Received Import Request.
  Time since last request: 0.000453 seconds.
  path: Assets
  artifactKey: Guid(00000000000000001000000000000000) Importer(815301076,1909f56bfc062723c751e8b465ee728b)
Start importing Assets using Guid(00000000000000001000000000000000) Importer(815301076,1909f56bfc062723c751e8b465ee728b)  -> (artifact id: '42d402b061de3733987d63b9cc3b64de') in 0.002031 seconds
  Import took 0.005093 seconds .

========================================================================
Received Import Request.
  Time since last request: 3.429728 seconds.
  path: Assets/Prefabs
  artifactKey: Guid(4d7dbb65c9151e54a9669597e1334377) Importer(815301076,1909f56bfc062723c751e8b465ee728b)
Start importing Assets/Prefabs using Guid(4d7dbb65c9151e54a9669597e1334377) Importer(815301076,1909f56bfc062723c751e8b465ee728b)  -> (artifact id: '57995b7db9074ff960fda3d41b06e089') in 0.008831 seconds
  Import took 0.012036 seconds .

========================================================================
Received Import Request.
  Time since last request: 0.000266 seconds.
  path: Assets/Prefabs
  artifactKey: Guid(4d7dbb65c9151e54a9669597e1334377) Importer(815301076,1909f56bfc062723c751e8b465ee728b)
Start importing Assets/Prefabs using Guid(4d7dbb65c9151e54a9669597e1334377) Importer(815301076,1909f56bfc062723c751e8b465ee728b)  -> (artifact id: '57995b7db9074ff960fda3d41b06e089') in 0.001663 seconds
  Import took 0.004670 seconds .

========================================================================
Received Import Request.
  Time since last request: 4.264431 seconds.
  path: Assets/Scenes 1
  artifactKey: Guid(23b31af067cb8cc47b03e8fc1435328f) Importer(815301076,1909f56bfc062723c751e8b465ee728b)
Start importing Assets/Scenes 1 using Guid(23b31af067cb8cc47b03e8fc1435328f) Importer(815301076,1909f56bfc062723c751e8b465ee728b)  -> (artifact id: 'b6a8a1cb9edcd327d80aa83292dfc35d') in 0.007627 seconds
  Import took 0.010790 seconds .

========================================================================
Received Import Request.
  Time since last request: 3.357857 seconds.
  path: Assets/Scripts
  artifactKey: Guid(c3be5df1795a96b4d900189d6aac64df) Importer(815301076,1909f56bfc062723c751e8b465ee728b)
Start importing Assets/Scripts using Guid(c3be5df1795a96b4d900189d6aac64df) Importer(815301076,1909f56bfc062723c751e8b465ee728b)  -> (artifact id: 'ed3591486917513ee8ee2d4fe9c56706') in 0.008522 seconds
  Import took 0.011706 seconds .

========================================================================
Received Import Request.
  Time since last request: 4.954307 seconds.
  path: Assets/New Folder
  artifactKey: Guid(38485730de18726439315d0e225ffd24) Importer(815301076,1909f56bfc062723c751e8b465ee728b)
Start importing Assets/New Folder using Guid(38485730de18726439315d0e225ffd24) Importer(815301076,1909f56bfc062723c751e8b465ee728b)  -> (artifact id: 'a6c4e1793230a3cd831d5a6264aee293') in 0.001972 seconds
  Import took 0.005822 seconds .

========================================================================
Received Import Request.
  Time since last request: 8.354932 seconds.
  path: Assets/Images/donald.jpg
  artifactKey: Guid(e7251322e65ec0746952bea07f7975fc) Importer(815301076,1909f56bfc062723c751e8b465ee728b)
Start importing Assets/Images/donald.jpg using Guid(e7251322e65ec0746952bea07f7975fc) Importer(815301076,1909f56bfc062723c751e8b465ee728b)  -> (artifact id: '2d8770aa32b56028507282e1d18f97b6') in 0.148799 seconds
  Import took 0.152414 seconds .

========================================================================
Received Prepare
Trying to reload asset but can't find object on disk

Trying to reload asset but can't find object on disk

Trying to reload asset but can't find object on disk

Trying to reload asset but can't find object on disk

Trying to reload asset but can't find object on disk

Trying to reload asset but can't find object on disk

Trying to reload asset but can't find object on disk

Trying to reload asset but can't find object on disk

Trying to reload asset but can't find object on disk

Trying to reload asset but can't find object on disk

Trying to reload asset but can't find object on disk

Trying to reload asset but can't find object on disk

Trying to reload asset but can't find object on disk

Trying to reload asset but can't find object on disk

Trying to reload asset but can't find object on disk

Trying to reload asset but can't find object on disk

Trying to reload asset but can't find object on disk

Trying to reload asset but can't find object on disk

Registering precompiled user dll's ...
Registered in 0.002859 seconds.
Begin MonoManager ReloadAssembly
Native extension for WindowsStandalone target not found
Native extension for WebGL target not found
Refreshing native plugins compatible for Editor in 29.77 ms, found 2 plugins.
Preloading 0 native plugins for Editor in 0.00 ms.
Mono: successfully reloaded assembly
- Completed reload, in  1.065 seconds
Platform modules already initialized, skipping
Refreshing native plugins compatible for Editor in 0.33 ms, found 2 plugins.
Preloading 0 native plugins for Editor in 0.00 ms.
Unloading 1381 Unused Serialized files (Serialized files now loaded: 0)
System memory in use before: 81.2 MB.
System memory in use after: 81.3 MB.

Unloading 243 unused Assets to reduce memory usage. Loaded Objects now: 2290.
Total: 2.158500 ms (FindLiveObjects: 0.182600 ms CreateObjectMapping: 0.048300 ms MarkObjects: 1.812700 ms  DeleteObjects: 0.113700 ms)

AssetImportWorkerClient::OnTransportError - code=2 error=End of file
